<?xml version="1.0" encoding="UTF-8"?>
<!-- Generated by org.testng.reporters.JUnitReportReporter -->
<testsuite hostname="DESKTOP-C285B18" failures="0" tests="1" name="testNG.activity.Xpath" time="4.803" errors="0" timestamp="2022-02-04T15:26:34 IST" skipped="0">
  <testcase classname="testNG.activity.Xpath" name="xpath" time="4.803"/>
  <system-out/>
</testsuite> <!-- testNG.activity.Xpath -->
