<?xml version="1.0" encoding="UTF-8"?>
<!-- Generated by org.testng.reporters.JUnitReportReporter -->
<testsuite hostname="DESKTOP-C285B18" failures="0" tests="1" name="testng.activity.PositiveTest" time="24.634" errors="0" timestamp="2022-02-10T09:31:28 IST" skipped="0">
  <testcase classname="testng.activity.PositiveTest" name="test" time="24.634"/>
  <system-out/>
</testsuite> <!-- testng.activity.PositiveTest -->
