<?xml version="1.0" encoding="UTF-8"?>
<!-- Generated by org.testng.reporters.JUnitReportReporter -->
<testsuite hostname="DESKTOP-C285B18" failures="0" tests="3" name="DataDriven.TestNG.DataDriven" time="6.985" errors="0" timestamp="2022-02-03T14:21:25 IST" skipped="0">
  <testcase classname="DataDriven.TestNG.DataDriven" name="test" time="1.549"/>
  <system-out/>
  <testcase classname="DataDriven.TestNG.DataDriven" name="test" time="1.019"/>
  <system-out/>
  <testcase classname="DataDriven.TestNG.DataDriven" name="test" time="4.417"/>
  <system-out/>
</testsuite> <!-- DataDriven.TestNG.DataDriven -->
