<?xml version="1.0" encoding="UTF-8"?>
<!-- Generated by org.testng.reporters.JUnitReportReporter -->
<testsuite hostname="DESKTOP-C285B18" failures="0" tests="2" name="com.ariline.ticketbooking.AirlineBooking" time="8.597" errors="0" timestamp="2022-02-11T11:07:37 IST" skipped="0">
  <testcase classname="com.ariline.ticketbooking.AirlineBooking" name="test" time="3.074"/>
  <system-out/>
  <testcase classname="com.ariline.ticketbooking.AirlineBooking" name="test" time="5.523"/>
  <system-out/>
</testsuite> <!-- com.ariline.ticketbooking.AirlineBooking -->
