<?xml version="1.0" encoding="UTF-8"?>
<!-- Generated by org.testng.reporters.JUnitReportReporter -->
<testsuite hostname="DESKTOP-C285B18" failures="0" tests="1" name="testing.annotations.Draganddrop" time="5.316" errors="0" timestamp="2022-02-02T16:06:11 IST" skipped="0">
  <testcase classname="testing.annotations.Draganddrop" name="test" time="5.316"/>
  <system-out/>
</testsuite> <!-- testing.annotations.Draganddrop -->
