<?xml version="1.0" encoding="UTF-8"?>
<!-- Generated by org.testng.reporters.JUnitReportReporter -->
<testsuite hostname="DESKTOP-C285B18" failures="0" tests="1" name="testng.testng.annotations.NewTest" time="0.005" errors="0" timestamp="2022-02-02T10:03:03 IST" skipped="0">
  <testcase classname="testng.testng.annotations.NewTest" name="test" time="0.005"/>
  <system-out/>
</testsuite> <!-- testng.testng.annotations.NewTest -->
