<?xml version="1.0" encoding="UTF-8"?>
<!-- Generated by org.testng.reporters.JUnitReportReporter -->
<testsuite hostname="DESKTOP-C285B18" failures="0" tests="3" name="testing.annotations.Annotations" time="9.153" errors="0" timestamp="2022-02-02T11:05:04 IST" skipped="0">
  <testcase classname="testing.annotations.Annotations" name="Test1" time="3.957"/>
  <system-out/>
  <testcase classname="testing.annotations.Annotations" name="Test3" time="3.121"/>
  <system-out/>
  <testcase classname="testing.annotations.Annotations" name="Test2" time="2.075"/>
  <system-out/>
</testsuite> <!-- testing.annotations.Annotations -->
