<?xml version="1.0" encoding="UTF-8"?>
<!-- Generated by org.testng.reporters.JUnitReportReporter -->
<testsuite hostname="DESKTOP-C285B18" failures="0" tests="3" name="testNG.activity.ImplicitExplicit" time="18.254" errors="0" timestamp="2022-02-04T14:27:22 IST" skipped="0">
  <testcase classname="testNG.activity.ImplicitExplicit" name="test" time="7.609"/>
  <system-out/>
  <testcase classname="testNG.activity.ImplicitExplicit" name="dev" time="7.072"/>
  <system-out/>
  <testcase classname="testNG.activity.ImplicitExplicit" name="java" time="3.573"/>
  <system-out/>
</testsuite> <!-- testNG.activity.ImplicitExplicit -->
