<?xml version="1.0" encoding="UTF-8"?>
<!-- Generated by org.testng.reporters.JUnitReportReporter -->
<testsuite hostname="DESKTOP-C285B18" failures="0" tests="2" name="testNG.activity.NewTest" time="15.149" errors="0" timestamp="2022-02-04T14:27:22 IST" skipped="0">
  <testcase classname="testNG.activity.NewTest" name="test" time="7.724"/>
  <system-out/>
  <testcase classname="testNG.activity.NewTest" name="nykaa" time="7.425"/>
  <system-out/>
</testsuite> <!-- testNG.activity.NewTest -->
