<?xml version="1.0" encoding="UTF-8"?>
<!-- Generated by org.testng.reporters.JUnitReportReporter -->
<testsuite skipped="0" hostname="PRIYANKA" name="com.selenium.Activity2" tests="1" failures="0" timestamp="2022-02-07T20:50:33 IST" time="159.414" errors="0">
  <testcase name="Case1" time="159.414" classname="com.selenium.Activity2"/>
  <system-out/>
</testsuite> <!-- com.selenium.Activity2 -->
