<?xml version="1.0" encoding="UTF-8"?>
<!-- Generated by org.testng.reporters.JUnitReportReporter -->
<testsuite hostname="DESKTOP-C285B18" failures="0" tests="7" name="com.selenium.project4.Airline" time="34.309" errors="0" timestamp="2022-02-20T21:53:15 IST" skipped="0">
  <testcase classname="com.selenium.project4.Airline" name="airline" time="23.139"/>
  <system-out/>
  <testcase classname="com.selenium.project4.Airline" name="nonstop" time="3.423"/>
  <system-out/>
  <testcase classname="com.selenium.project4.Airline" name="price" time="0.061"/>
  <system-out/>
  <testcase classname="com.selenium.project4.Airline" name="amount" time="0.043"/>
  <system-out/>
  <testcase classname="com.selenium.project4.Airline" name="capture" time="3.353"/>
  <system-out/>
  <testcase classname="com.selenium.project4.Airline" name="book" time="1.256"/>
  <system-out/>
  <testcase classname="com.selenium.project4.Airline" name="clickOnContinue" time="3.034"/>
  <system-out/>
</testsuite> <!-- com.selenium.project4.Airline -->
