<?xml version="1.0" encoding="UTF-8"?>
<!-- Generated by org.testng.reporters.JUnitReportReporter -->
<testsuite skipped="0" hostname="PRIYANKA" name="com.selenium.Script" tests="1" failures="0" timestamp="2022-02-05T18:54:57 IST" time="18.118" errors="0">
  <testcase name="test" time="18.118" classname="com.selenium.Script"/>
  <system-out/>
</testsuite> <!-- com.selenium.Script -->
