<?xml version="1.0" encoding="UTF-8"?>
<!-- Generated by org.testng.reporters.JUnitReportReporter -->
<testsuite hostname="DESKTOP-C285B18" failures="0" tests="3" name="com.selenium.project4.TestCase1" time="63.603" errors="0" timestamp="2022-02-20T21:50:48 IST" skipped="0">
  <testcase classname="com.selenium.project4.TestCase1" name="TestCaseDataProvider" time="17.499"/>
  <system-out/>
  <testcase classname="com.selenium.project4.TestCase1" name="TestCase1" time="44.882"/>
  <system-out/>
  <testcase classname="com.selenium.project4.TestCase1" name="Case2" time="1.222"/>
  <system-out/>
</testsuite> <!-- com.selenium.project4.TestCase1 -->
