<?xml version="1.0" encoding="UTF-8"?>
<!-- Generated by org.testng.reporters.JUnitReportReporter -->
<testsuite skipped="0" hostname="PRIYANKA" name="com.selenium.Register" tests="2" failures="0" timestamp="2022-02-05T18:39:41 IST" time="71.685" errors="0">
  <testcase name="Case2" time="25.000" classname="com.selenium.Register"/>
  <system-out/>
  <testcase name="Case1" time="46.685" classname="com.selenium.Register"/>
  <system-out/>
</testsuite> <!-- com.selenium.Register -->
