<?xml version="1.0" encoding="UTF-8"?>
<!-- Generated by org.testng.reporters.JUnitReportReporter -->
<testsuite skipped="0" hostname="PRIYANKA" name="com.selenium.Parameter" tests="1" failures="0" timestamp="2022-02-04T13:11:46 IST" time="49.698" errors="0">
  <testcase name="Testacse1" time="49.698" classname="com.selenium.Parameter"/>
  <system-out/>
</testsuite> <!-- com.selenium.Parameter -->
