<?xml version="1.0" encoding="UTF-8"?>
<!-- Generated by org.testng.reporters.JUnitReportReporter -->
<testsuite skipped="0" hostname="PRIYANKA" name="com.selenium.DataDriven" tests="3" failures="0" timestamp="2022-02-07T08:58:49 IST" time="64.978" errors="0">
  <testcase name="Testcase1" time="7.007" classname="com.selenium.DataDriven"/>
  <system-out/>
  <testcase name="Testcase1" time="5.995" classname="com.selenium.DataDriven"/>
  <system-out/>
  <testcase name="Testcase1" time="51.976" classname="com.selenium.DataDriven"/>
  <system-out/>
</testsuite> <!-- com.selenium.DataDriven -->
