<?xml version="1.0" encoding="UTF-8"?>
<!-- Generated by org.testng.reporters.JUnitReportReporter -->
<testsuite skipped="0" hostname="PRIYANKA" name="com.selenium.OnlineWebsite" tests="1" failures="0" timestamp="2022-02-10T09:15:20 IST" time="10.456" errors="0">
  <testcase name="Case1" time="10.456" classname="com.selenium.OnlineWebsite"/>
  <system-out/>
</testsuite> <!-- com.selenium.OnlineWebsite -->
