<?xml version="1.0" encoding="UTF-8"?>
<!-- Generated by org.testng.reporters.JUnitReportReporter -->
<testsuite skipped="0" hostname="PRIYANKA" name="com.selenium.project4.DataDriven" tests="1" failures="0" timestamp="2022-02-16T13:52:09 IST" time="49.917" errors="0">
  <testcase name="Testcase1" time="49.917" classname="com.selenium.project4.DataDriven"/>
  <system-out/>
</testsuite> <!-- com.selenium.project4.DataDriven -->
