<?xml version="1.0" encoding="UTF-8"?>
<!-- Generated by org.testng.reporters.JUnitReportReporter -->
<testsuite skipped="0" hostname="PRIYANKA" name="com.selenium.TestngActivity1" tests="1" failures="0" timestamp="2022-02-04T14:05:20 IST" time="14.346" errors="0">
  <testcase name="test" time="14.346" classname="com.selenium.TestngActivity1"/>
  <system-out/>
</testsuite> <!-- com.selenium.TestngActivity1 -->
