<?xml version="1.0" encoding="UTF-8"?>
<!-- Generated by org.testng.reporters.JUnitReportReporter -->
<testsuite skipped="0" hostname="PRIYANKA" name="com.selenium.Draganddropex1" tests="1" failures="0" timestamp="2022-02-10T09:39:51 IST" time="24.413" errors="0">
  <testcase name="DragnDrop" time="24.413" classname="com.selenium.Draganddropex1"/>
  <system-out/>
</testsuite> <!-- com.selenium.Draganddropex1 -->
