<?xml version="1.0" encoding="UTF-8"?>
<!-- Generated by org.testng.reporters.JUnitReportReporter -->
<testsuite skipped="0" hostname="PRIYANKA" name="com.selenium.Testcase1" tests="3" failures="0" timestamp="2022-02-10T17:16:12 IST" time="82.026" errors="0">
  <testcase name="Test3" time="22.299" classname="com.selenium.Testcase1"/>
  <system-out/>
  <testcase name="Test2" time="28.076" classname="com.selenium.Testcase1"/>
  <system-out/>
  <testcase name="Test1" time="31.651" classname="com.selenium.Testcase1"/>
  <system-out/>
</testsuite> <!-- com.selenium.Testcase1 -->
