<?xml version="1.0" encoding="UTF-8"?>
<!-- Generated by org.testng.reporters.JUnitReportReporter -->
<testsuite hostname="DESKTOP-C285B18" failures="0" tests="2" name="Activity.ImplicitExplicit" time="11.790" errors="0" timestamp="2022-02-04T11:59:04 IST" skipped="0">
  <testcase classname="Activity.ImplicitExplicit" name="test" time="6.008"/>
  <system-out/>
  <testcase classname="Activity.ImplicitExplicit" name="nykaa" time="5.782"/>
  <system-out/>
</testsuite> <!-- Activity.ImplicitExplicit -->
