<?xml version="1.0" encoding="UTF-8"?>
<!-- Generated by org.testng.reporters.JUnitReportReporter -->
<testsuite hostname="DESKTOP-C285B18" failures="0" tests="2" name="activity.testng.Facebook" time="16.203" errors="0" timestamp="2022-02-07T17:40:33 IST" skipped="0">
  <testcase classname="activity.testng.Facebook" name="test" time="6.443"/>
  <system-out/>
  <testcase classname="activity.testng.Facebook" name="login" time="9.760"/>
  <system-out/>
</testsuite> <!-- activity.testng.Facebook -->
