<?xml version="1.0" encoding="UTF-8"?>
<!-- Generated by org.testng.reporters.JUnitReportReporter -->
<testsuite hostname="DESKTOP-C285B18" failures="0" tests="1" name="testng.activity.NegativeTest" time="9.795" errors="0" timestamp="2022-02-14T15:29:14 IST" skipped="0">
  <testcase classname="testng.activity.NegativeTest" name="test" time="9.795"/>
  <system-out/>
</testsuite> <!-- testng.activity.NegativeTest -->
