<?xml version="1.0" encoding="UTF-8"?>
<!-- Generated by org.testng.reporters.JUnitReportReporter -->
<testsuite hostname="DESKTOP-C285B18" failures="0" tests="2" name="com.ariline.ticketbooking.FlipkartTestng" time="16.092" errors="0" timestamp="2022-02-20T16:30:25 IST" skipped="0">
  <testcase classname="com.ariline.ticketbooking.FlipkartTestng" name="flipkart" time="12.815"/>
  <system-out/>
  <testcase classname="com.ariline.ticketbooking.FlipkartTestng" name="price" time="3.277"/>
  <system-out/>
</testsuite> <!-- com.ariline.ticketbooking.FlipkartTestng -->
